<component name="libraryTable">
  <library name="JUnit Vintage" type="repository">
    <properties include-transitive-deps="false" maven-id="org.junit.vintage:junit-vintage-engine:5.6.0" />
    <CLASSES>
      <root url="jar://$PROJECT_DIR$/.idea/lib/junit-vintage-engine-5.6.0.jar!/" />
    </CLASSES>
    <JAVADOC />
    <SOURCES />
  </library>
</component>